Flow report for Project3-Optimize
Wed Mar 26 21:35:50 2014
Quartus II 64-Bit Version 13.0.1 Build 232 06/12/2013 Service Pack 1 SJ Web Edition


---------------------
; Table of Contents ;
---------------------
  1. Legal Notice
  2. Flow Summary
  3. Flow Settings
  4. Flow Non-Default Global Settings
  5. Flow Elapsed Time
  6. Flow OS Summary
  7. Flow Log
  8. Flow Messages
  9. Flow Suppressed Messages



----------------
; Legal Notice ;
----------------
Copyright (C) 1991-2013 Altera Corporation
Your use of Altera Corporation's design tools, logic functions 
and other software and tools, and its AMPP partner logic 
functions, and any output files from any of the foregoing 
(including device programming or simulation files), and any 
associated documentation or information are expressly subject 
to the terms and conditions of the Altera Program License 
Subscription Agreement, Altera MegaCore Function License 
Agreement, or other applicable license agreement, including, 
without limitation, that your use is for the sole purpose of 
programming logic devices manufactured by Altera and sold by 
Altera or its authorized distributors.  Please refer to the 
applicable agreement for further details.



+--------------------------------------------------------------------------------------+
; Flow Summary                                                                         ;
+------------------------------------+-------------------------------------------------+
; Flow Status                        ; Successful - Wed Mar 26 21:35:47 2014           ;
; Quartus II 64-Bit Version          ; 13.0.1 Build 232 06/12/2013 SP 1 SJ Web Edition ;
; Revision Name                      ; Project3-Optimize                               ;
; Top-level Entity Name              ; Project3                                        ;
; Family                             ; Cyclone II                                      ;
; Device                             ; EP2C20F484C7                                    ;
; Timing Models                      ; Final                                           ;
; Total logic elements               ; 0 / 18,752 ( 0 % )                              ;
;     Total combinational functions  ; 0 / 18,752 ( 0 % )                              ;
;     Dedicated logic registers      ; 0 / 18,752 ( 0 % )                              ;
; Total registers                    ; 0                                               ;
; Total pins                         ; 61 / 315 ( 19 % )                               ;
; Total virtual pins                 ; 0                                               ;
; Total memory bits                  ; 0 / 239,616 ( 0 % )                             ;
; Embedded Multiplier 9-bit elements ; 0 / 52 ( 0 % )                                  ;
; Total PLLs                         ; 0 / 4 ( 0 % )                                   ;
+------------------------------------+-------------------------------------------------+


+-----------------------------------------+
; Flow Settings                           ;
+-------------------+---------------------+
; Option            ; Setting             ;
+-------------------+---------------------+
; Start date & time ; 03/26/2014 21:35:19 ;
; Main task         ; Compilation         ;
; Revision Name     ; Project3-Optimize   ;
+-------------------+---------------------+


+-----------------------------------------------------------------------------------------------------------------------------+
; Flow Non-Default Global Settings                                                                                            ;
+-----------------------------------------+------------------------------------+-------------------+-------------+------------+
; Assignment Name                         ; Value                              ; Default Value     ; Entity Name ; Section Id ;
+-----------------------------------------+------------------------------------+-------------------+-------------+------------+
; ADD_PASS_THROUGH_LOGIC_TO_INFERRED_RAMS ; Off                                ; On                ; --          ; --         ;
; ALLOW_ANY_RAM_SIZE_FOR_RECOGNITION      ; On                                 ; Off               ; --          ; --         ;
; ALLOW_ANY_ROM_SIZE_FOR_RECOGNITION      ; On                                 ; Off               ; --          ; --         ;
; AUTO_RAM_TO_LCELL_CONVERSION            ; On                                 ; Off               ; --          ; --         ;
; COMPILER_SIGNATURE_ID                   ; 84573316364183.139588411903852     ; --                ; --          ; --         ;
; CYCLONEII_OPTIMIZATION_TECHNIQUE        ; Speed                              ; Balanced          ; --          ; --         ;
; ENABLE_SIGNALTAP                        ; Off                                ; --                ; --          ; --         ;
; FITTER_EARLY_TIMING_ESTIMATE_MODE       ; Pessimistic                        ; Realistic         ; --          ; --         ;
; FITTER_EFFORT                           ; Standard Fit                       ; Auto Fit          ; --          ; --         ;
; IP_TOOL_NAME                            ; ALTPLL                             ; --                ; --          ; --         ;
; IP_TOOL_VERSION                         ; 13.0                               ; --                ; --          ; --         ;
; MAX_CORE_JUNCTION_TEMP                  ; 85                                 ; --                ; --          ; --         ;
; MIN_CORE_JUNCTION_TEMP                  ; 0                                  ; --                ; --          ; --         ;
; MISC_FILE                               ; Lectures.dpf                       ; --                ; --          ; --         ;
; MISC_FILE                               ; Pll_bb.v                           ; --                ; --          ; --         ;
; MISC_FILE                               ; Pll.ppf                            ; --                ; --          ; --         ;
; PARTITION_COLOR                         ; 16764057                           ; --                ; Project3    ; Top        ;
; PARTITION_FITTER_PRESERVATION_LEVEL     ; PLACEMENT_AND_ROUTING              ; --                ; Project3    ; Top        ;
; PARTITION_NETLIST_TYPE                  ; SOURCE                             ; --                ; Project3    ; Top        ;
; PHYSICAL_SYNTHESIS_COMBO_LOGIC          ; On                                 ; Off               ; --          ; --         ;
; PHYSICAL_SYNTHESIS_EFFORT               ; Extra                              ; Normal            ; --          ; --         ;
; PHYSICAL_SYNTHESIS_REGISTER_DUPLICATION ; On                                 ; Off               ; --          ; --         ;
; PLACEMENT_EFFORT_MULTIPLIER             ; 10                                 ; 1.0               ; --          ; --         ;
; POWER_BOARD_THERMAL_MODEL               ; None (CONSERVATIVE)                ; --                ; --          ; --         ;
; POWER_PRESET_COOLING_SOLUTION           ; No Heat Sink With 100 Lfpm Airflow ; --                ; --          ; --         ;
; REMOVE_REDUNDANT_LOGIC_CELLS            ; On                                 ; Off               ; --          ; --         ;
; ROUTER_EFFORT_MULTIPLIER                ; 10                                 ; 1.0               ; --          ; --         ;
; ROUTER_TIMING_OPTIMIZATION_LEVEL        ; MAXIMUM                            ; Normal            ; --          ; --         ;
; SAVE_DISK_SPACE                         ; Off                                ; On                ; --          ; --         ;
; SMART_RECOMPILE                         ; On                                 ; Off               ; --          ; --         ;
; SYNTH_TIMING_DRIVEN_SYNTHESIS           ; On                                 ; Off               ; --          ; --         ;
; TIMEQUEST_DO_REPORT_TIMING              ; On                                 ; Off               ; --          ; --         ;
; TOP_LEVEL_ENTITY                        ; Project3                           ; Project3-Optimize ; --          ; --         ;
; USE_SIGNALTAP_FILE                      ; Debug.stp                          ; --                ; --          ; --         ;
+-----------------------------------------+------------------------------------+-------------------+-------------+------------+


+-------------------------------------------------------------------------------------------------------------------------------+
; Flow Elapsed Time                                                                                                             ;
+---------------------------+--------------+-------------------------+---------------------+------------------------------------+
; Module Name               ; Elapsed Time ; Average Processors Used ; Peak Virtual Memory ; Total CPU Time (on all processors) ;
+---------------------------+--------------+-------------------------+---------------------+------------------------------------+
; Analysis & Synthesis      ; 00:00:08     ; 1.0                     ; 446 MB              ; 00:00:02                           ;
; Fitter                    ; 00:00:12     ; 1.0                     ; 621 MB              ; 00:00:05                           ;
; Assembler                 ; 00:00:02     ; 1.0                     ; 405 MB              ; 00:00:02                           ;
; TimeQuest Timing Analyzer ; 00:00:01     ; 1.0                     ; 387 MB              ; 00:00:01                           ;
; Total                     ; 00:00:23     ; --                      ; --                  ; 00:00:10                           ;
+---------------------------+--------------+-------------------------+---------------------+------------------------------------+


+----------------------------------------------------------------------------------------+
; Flow OS Summary                                                                        ;
+---------------------------+------------------+-----------+------------+----------------+
; Module Name               ; Machine Hostname ; OS Name   ; OS Version ; Processor type ;
+---------------------------+------------------+-----------+------------+----------------+
; Analysis & Synthesis      ; Joe-PC           ; Windows 7 ; 6.1        ; x86_64         ;
; Fitter                    ; Joe-PC           ; Windows 7 ; 6.1        ; x86_64         ;
; Assembler                 ; Joe-PC           ; Windows 7 ; 6.1        ; x86_64         ;
; TimeQuest Timing Analyzer ; Joe-PC           ; Windows 7 ; 6.1        ; x86_64         ;
+---------------------------+------------------+-----------+------------+----------------+


------------
; Flow Log ;
------------
quartus_map --read_settings_files=on --write_settings_files=off Project3 -c Project3-Optimize
quartus_fit --read_settings_files=off --write_settings_files=off Project3 -c Project3-Optimize
quartus_asm --read_settings_files=off --write_settings_files=off Project3 -c Project3-Optimize
quartus_sta Project3 -c Project3-Optimize



